# JRE version: OpenJDK Runtime Environment Temurin-21.0.9+10 (21.0.9+10) (build 21.0.9+10-LTS)
# Java VM: OpenJDK 64-Bit Server VM Temurin-21.0.9+10 (21.0.9+10-LTS, mixed mode, sharing, tiered, compressed oops, compressed class ptrs, g1 gc, windows-amd64)
GC Precious Log:
 CardTable entry size: 512
 Card Set container configuration: InlinePtr #cards 4 size 8 Array Of Cards #cards 16 size 48 Howl #buckets 8 coarsen threshold 3686 Howl Bitmap #cards 512 size 80 coarsen threshold 460 Card regions per heap region 1 cards per card region 4096
 CPUs: 32 total, 32 available
 Memory: 65444M
 Large Page Support: Disabled
 NUMA Support: Disabled
 Compressed Oops: Enabled (Zero based)
 Heap Region Size: 2M
 Heap Min Capacity: 8M
 Heap Initial Capacity: 1G
 Heap Max Capacity: 3G
 Pre-touch: Disabled
 Parallel Workers: 23
 Concurrent Workers: 6
 Concurrent Refinement Workers: 23
 Periodic GC: Disabled
Heap:
 garbage-first heap   total 276480K, used 179555K [0x0000000740000000, 0x0000000800000000)
  region size 2048K, 30 young (61440K), 8 survivors (16384K)
 Metaspace       used 86134K, committed 88320K, reserved 1179648K
  class space    used 11991K, committed 13056K, reserved 1048576K
GC Heap History (20 events):
Event: 13.036 GC heap before
{Heap before GC invocations=11 (full 0):
 garbage-first heap   total 108544K, used 92182K [0x0000000740000000, 0x0000000800000000)
  region size 2048K, 29 young (59392K), 4 survivors (8192K)
 Metaspace       used 51319K, committed 52992K, reserved 1114112K
  class space    used 7273K, committed 8064K, reserved 1048576K
}
Event: 13.044 GC heap after
{Heap after GC invocations=12 (full 0):
 garbage-first heap   total 579584K, used 44528K [0x0000000740000000, 0x0000000800000000)
  region size 2048K, 3 young (6144K), 3 survivors (6144K)
 Metaspace       used 51319K, committed 52992K, reserved 1114112K
  class space    used 7273K, committed 8064K, reserved 1048576K
}
Event: 15.539 GC heap before
{Heap before GC invocations=12 (full 0):
 garbage-first heap   total 579584K, used 179696K [0x0000000740000000, 0x0000000800000000)
  region size 2048K, 69 young (141312K), 3 survivors (6144K)
 Metaspace       used 58738K, committed 60608K, reserved 1114112K
  class space    used 8432K, committed 9344K, reserved 1048576K
}
Event: 15.554 GC heap after
{Heap after GC invocations=13 (full 0):
 garbage-first heap   total 579584K, used 60732K [0x0000000740000000, 0x0000000800000000)
  region size 2048K, 10 young (20480K), 10 survivors (20480K)
 Metaspace       used 58738K, committed 60608K, reserved 1114112K
  class space    used 8432K, committed 9344K, reserved 1048576K
}
Event: 17.197 GC heap before
{Heap before GC invocations=14 (full 0):
 garbage-first heap   total 221184K, used 216380K [0x0000000740000000, 0x0000000800000000)
  region size 2048K, 40 young (81920K), 10 survivors (20480K)
 Metaspace       used 65778K, committed 67776K, reserved 1114112K
  class space    used 9286K, committed 10240K, reserved 1048576K
}
Event: 17.209 GC heap after
{Heap after GC invocations=15 (full 0):
 garbage-first heap   total 247808K, used 66994K [0x0000000740000000, 0x0000000800000000)
  region size 2048K, 13 young (26624K), 13 survivors (26624K)
 Metaspace       used 65778K, committed 67776K, reserved 1114112K
  class space    used 9286K, committed 10240K, reserved 1048576K
}
Event: 19.300 GC heap before
{Heap before GC invocations=15 (full 0):
 garbage-first heap   total 247808K, used 187826K [0x0000000740000000, 0x0000000800000000)
  region size 2048K, 72 young (147456K), 13 survivors (26624K)
 Metaspace       used 72238K, committed 74368K, reserved 1114112K
  class space    used 10206K, committed 11264K, reserved 1048576K
}
Event: 19.315 GC heap after
{Heap after GC invocations=16 (full 0):
 garbage-first heap   total 247808K, used 77728K [0x0000000740000000, 0x0000000800000000)
  region size 2048K, 9 young (18432K), 9 survivors (18432K)
 Metaspace       used 72238K, committed 74368K, reserved 1114112K
  class space    used 10206K, committed 11264K, reserved 1048576K
}
Event: 21.225 GC heap before
{Heap before GC invocations=16 (full 0):
 garbage-first heap   total 247808K, used 206752K [0x0000000740000000, 0x0000000800000000)
  region size 2048K, 72 young (147456K), 9 survivors (18432K)
 Metaspace       used 76155K, committed 78336K, reserved 1179648K
  class space    used 10851K, committed 11904K, reserved 1048576K
}
Event: 21.236 GC heap after
{Heap after GC invocations=17 (full 0):
 garbage-first heap   total 247808K, used 87766K [0x0000000740000000, 0x0000000800000000)
  region size 2048K, 6 young (12288K), 6 survivors (12288K)
 Metaspace       used 76155K, committed 78336K, reserved 1179648K
  class space    used 10851K, committed 11904K, reserved 1048576K
}
Event: 21.645 GC heap before
{Heap before GC invocations=17 (full 0):
 garbage-first heap   total 247808K, used 130774K [0x0000000740000000, 0x0000000800000000)
  region size 2048K, 29 young (59392K), 6 survivors (12288K)
 Metaspace       used 77084K, committed 79232K, reserved 1179648K
  class space    used 10959K, committed 11968K, reserved 1048576K
}
Event: 21.654 GC heap after
{Heap after GC invocations=18 (full 0):
 garbage-first heap   total 247808K, used 88464K [0x0000000740000000, 0x0000000800000000)
  region size 2048K, 6 young (12288K), 6 survivors (12288K)
 Metaspace       used 77084K, committed 79232K, reserved 1179648K
  class space    used 10959K, committed 11968K, reserved 1048576K
}
Event: 23.824 GC heap before
{Heap before GC invocations=19 (full 0):
 garbage-first heap   total 247808K, used 229776K [0x0000000740000000, 0x0000000800000000)
  region size 2048K, 70 young (143360K), 6 survivors (12288K)
 Metaspace       used 77179K, committed 79360K, reserved 1179648K
  class space    used 10968K, committed 12032K, reserved 1048576K
}
Event: 23.837 GC heap after
{Heap after GC invocations=20 (full 0):
 garbage-first heap   total 256000K, used 102380K [0x0000000740000000, 0x0000000800000000)
  region size 2048K, 8 young (16384K), 8 survivors (16384K)
 Metaspace       used 77179K, committed 79360K, reserved 1179648K
  class space    used 10968K, committed 12032K, reserved 1048576K
}
Event: 26.033 GC heap before
{Heap before GC invocations=20 (full 0):
 garbage-first heap   total 256000K, used 233452K [0x0000000740000000, 0x0000000800000000)
  region size 2048K, 68 young (139264K), 8 survivors (16384K)
 Metaspace       used 79277K, committed 81536K, reserved 1179648K
  class space    used 11227K, committed 12352K, reserved 1048576K
}
Event: 26.046 GC heap after
{Heap after GC invocations=21 (full 0):
 garbage-first heap   total 264192K, used 110209K [0x0000000740000000, 0x0000000800000000)
  region size 2048K, 6 young (12288K), 6 survivors (12288K)
 Metaspace       used 79277K, committed 81536K, reserved 1179648K
  class space    used 11227K, committed 12352K, reserved 1048576K
}
Event: 26.127 GC heap before
{Heap before GC invocations=21 (full 0):
 garbage-first heap   total 264192K, used 110209K [0x0000000740000000, 0x0000000800000000)
  region size 2048K, 7 young (14336K), 6 survivors (12288K)
 Metaspace       used 79535K, committed 81728K, reserved 1179648K
  class space    used 11259K, committed 12352K, reserved 1048576K
}
Event: 26.134 GC heap after
{Heap after GC invocations=22 (full 0):
 garbage-first heap   total 264192K, used 107978K [0x0000000740000000, 0x0000000800000000)
  region size 2048K, 1 young (2048K), 1 survivors (2048K)
 Metaspace       used 79535K, committed 81728K, reserved 1179648K
  class space    used 11259K, committed 12352K, reserved 1048576K
}
Event: 28.659 GC heap before
{Heap before GC invocations=23 (full 0):
 garbage-first heap   total 264192K, used 249290K [0x0000000740000000, 0x0000000800000000)
  region size 2048K, 63 young (129024K), 1 survivors (2048K)
 Metaspace       used 85586K, committed 87744K, reserved 1179648K
  class space    used 11964K, committed 13056K, reserved 1048576K
}
Event: 28.672 GC heap after
{Heap after GC invocations=24 (full 0):
 garbage-first heap   total 276480K, used 136547K [0x0000000740000000, 0x0000000800000000)
  region size 2048K, 8 young (16384K), 8 survivors (16384K)
 Metaspace       used 85586K, committed 87744K, reserved 1179648K
  class space    used 11964K, committed 13056K, reserved 1048576K
}

