# JRE version: OpenJDK Runtime Environment Temurin-21.0.9+10 (21.0.9+10) (build 21.0.9+10-LTS)
# Java VM: OpenJDK 64-Bit Server VM Temurin-21.0.9+10 (21.0.9+10-LTS, mixed mode, sharing, tiered, compressed oops, compressed class ptrs, g1 gc, windows-amd64)
GC Precious Log:
 CardTable entry size: 512
 Card Set container configuration: InlinePtr #cards 4 size 8 Array Of Cards #cards 16 size 48 Howl #buckets 8 coarsen threshold 3686 Howl Bitmap #cards 512 size 80 coarsen threshold 460 Card regions per heap region 1 cards per card region 4096
 CPUs: 32 total, 32 available
 Memory: 65444M
 Large Page Support: Disabled
 NUMA Support: Disabled
 Compressed Oops: Enabled (Zero based)
 Heap Region Size: 2M
 Heap Min Capacity: 8M
 Heap Initial Capacity: 1G
 Heap Max Capacity: 3G
 Pre-touch: Disabled
 Parallel Workers: 23
 Concurrent Workers: 6
 Concurrent Refinement Workers: 23
 Periodic GC: Disabled
Heap:
 garbage-first heap   total 245760K, used 189972K [0x0000000740000000, 0x0000000800000000)
  region size 2048K, 64 young (131072K), 4 survivors (8192K)
 Metaspace       used 72354K, committed 74432K, reserved 1114112K
  class space    used 10212K, committed 11200K, reserved 1048576K
GC Heap History (20 events):
Event: 4.665 GC heap before
{Heap before GC invocations=4 (full 0):
 garbage-first heap   total 90112K, used 85323K [0x0000000740000000, 0x0000000800000000)
  region size 2048K, 38 young (77824K), 7 survivors (14336K)
 Metaspace       used 29051K, committed 30208K, reserved 1114112K
  class space    used 4354K, committed 4928K, reserved 1048576K
}
Event: 4.673 GC heap after
{Heap after GC invocations=5 (full 0):
 garbage-first heap   total 106496K, used 27036K [0x0000000740000000, 0x0000000800000000)
  region size 2048K, 4 young (8192K), 4 survivors (8192K)
 Metaspace       used 29051K, committed 30208K, reserved 1114112K
  class space    used 4354K, committed 4928K, reserved 1048576K
}
Event: 5.275 GC heap before
{Heap before GC invocations=5 (full 0):
 garbage-first heap   total 106496K, used 72092K [0x0000000740000000, 0x0000000800000000)
  region size 2048K, 27 young (55296K), 4 survivors (8192K)
 Metaspace       used 34810K, committed 35968K, reserved 1114112K
  class space    used 4978K, committed 5504K, reserved 1048576K
}
Event: 5.284 GC heap after
{Heap after GC invocations=6 (full 0):
 garbage-first heap   total 106496K, used 31426K [0x0000000740000000, 0x0000000800000000)
  region size 2048K, 4 young (8192K), 4 survivors (8192K)
 Metaspace       used 34810K, committed 35968K, reserved 1114112K
  class space    used 4978K, committed 5504K, reserved 1048576K
}
Event: 5.385 GC heap before
{Heap before GC invocations=6 (full 0):
 garbage-first heap   total 106496K, used 33474K [0x0000000740000000, 0x0000000800000000)
  region size 2048K, 6 young (12288K), 4 survivors (8192K)
 Metaspace       used 35193K, committed 36288K, reserved 1114112K
  class space    used 5040K, committed 5568K, reserved 1048576K
}
Event: 5.391 GC heap after
{Heap after GC invocations=7 (full 0):
 garbage-first heap   total 106496K, used 32499K [0x0000000740000000, 0x0000000800000000)
  region size 2048K, 1 young (2048K), 1 survivors (2048K)
 Metaspace       used 35193K, committed 36288K, reserved 1114112K
  class space    used 5040K, committed 5568K, reserved 1048576K
}
Event: 6.662 GC heap before
{Heap before GC invocations=8 (full 0):
 garbage-first heap   total 106496K, used 87795K [0x0000000740000000, 0x0000000800000000)
  region size 2048K, 27 young (55296K), 1 survivors (2048K)
 Metaspace       used 40342K, committed 41792K, reserved 1114112K
  class space    used 5770K, committed 6464K, reserved 1048576K
}
Event: 6.666 GC heap after
{Heap after GC invocations=9 (full 0):
 garbage-first heap   total 106496K, used 35510K [0x0000000740000000, 0x0000000800000000)
  region size 2048K, 3 young (6144K), 3 survivors (6144K)
 Metaspace       used 40342K, committed 41792K, reserved 1114112K
  class space    used 5770K, committed 6464K, reserved 1048576K
}
Event: 7.840 GC heap before
{Heap before GC invocations=9 (full 0):
 garbage-first heap   total 106496K, used 84662K [0x0000000740000000, 0x0000000800000000)
  region size 2048K, 28 young (57344K), 3 survivors (6144K)
 Metaspace       used 46350K, committed 47936K, reserved 1114112K
  class space    used 6785K, committed 7552K, reserved 1048576K
}
Event: 7.848 GC heap after
{Heap after GC invocations=10 (full 0):
 garbage-first heap   total 106496K, used 38460K [0x0000000740000000, 0x0000000800000000)
  region size 2048K, 4 young (8192K), 4 survivors (8192K)
 Metaspace       used 46350K, committed 47936K, reserved 1114112K
  class space    used 6785K, committed 7552K, reserved 1048576K
}
Event: 9.089 GC heap before
{Heap before GC invocations=10 (full 0):
 garbage-first heap   total 106496K, used 87612K [0x0000000740000000, 0x0000000800000000)
  region size 2048K, 29 young (59392K), 4 survivors (8192K)
 Metaspace       used 49418K, committed 51136K, reserved 1114112K
  class space    used 7051K, committed 7872K, reserved 1048576K
}
Event: 9.096 GC heap after
{Heap after GC invocations=11 (full 0):
 garbage-first heap   total 106496K, used 41802K [0x0000000740000000, 0x0000000800000000)
  region size 2048K, 4 young (8192K), 4 survivors (8192K)
 Metaspace       used 49418K, committed 51136K, reserved 1114112K
  class space    used 7051K, committed 7872K, reserved 1048576K
}
Event: 9.594 GC heap before
{Heap before GC invocations=11 (full 0):
 garbage-first heap   total 106496K, used 88906K [0x0000000740000000, 0x0000000800000000)
  region size 2048K, 28 young (57344K), 4 survivors (8192K)
 Metaspace       used 50478K, committed 52160K, reserved 1114112K
  class space    used 7147K, committed 7936K, reserved 1048576K
}
Event: 9.600 GC heap after
{Heap after GC invocations=12 (full 0):
 garbage-first heap   total 106496K, used 43674K [0x0000000740000000, 0x0000000800000000)
  region size 2048K, 3 young (6144K), 3 survivors (6144K)
 Metaspace       used 50478K, committed 52160K, reserved 1114112K
  class space    used 7147K, committed 7936K, reserved 1048576K
}
Event: 10.773 GC heap before
{Heap before GC invocations=12 (full 0):
 garbage-first heap   total 106496K, used 92826K [0x0000000740000000, 0x0000000800000000)
  region size 2048K, 27 young (55296K), 3 survivors (6144K)
 Metaspace       used 54408K, committed 56256K, reserved 1114112K
  class space    used 7822K, committed 8704K, reserved 1048576K
}
Event: 10.780 GC heap after
{Heap after GC invocations=13 (full 0):
 garbage-first heap   total 579584K, used 51338K [0x0000000740000000, 0x0000000800000000)
  region size 2048K, 4 young (8192K), 4 survivors (8192K)
 Metaspace       used 54408K, committed 56256K, reserved 1114112K
  class space    used 7822K, committed 8704K, reserved 1048576K
}
Event: 12.262 GC heap before
{Heap before GC invocations=13 (full 0):
 garbage-first heap   total 579584K, used 143498K [0x0000000740000000, 0x0000000800000000)
  region size 2048K, 51 young (104448K), 4 survivors (8192K)
 Metaspace       used 58786K, committed 60736K, reserved 1114112K
  class space    used 8441K, committed 9408K, reserved 1048576K
}
Event: 12.273 GC heap after
{Heap after GC invocations=14 (full 0):
 garbage-first heap   total 579584K, used 60562K [0x0000000740000000, 0x0000000800000000)
  region size 2048K, 9 young (18432K), 9 survivors (18432K)
 Metaspace       used 58786K, committed 60736K, reserved 1114112K
  class space    used 8441K, committed 9408K, reserved 1048576K
}
Event: 13.986 GC heap before
{Heap before GC invocations=15 (full 0):
 garbage-first heap   total 221184K, used 218258K [0x0000000740000000, 0x0000000800000000)
  region size 2048K, 39 young (79872K), 9 survivors (18432K)
 Metaspace       used 65901K, committed 67968K, reserved 1114112K
  class space    used 9301K, committed 10304K, reserved 1048576K
}
Event: 13.998 GC heap after
{Heap after GC invocations=16 (full 0):
 garbage-first heap   total 245760K, used 67092K [0x0000000740000000, 0x0000000800000000)
  region size 2048K, 12 young (24576K), 12 survivors (24576K)
 Metaspace       used 65901K, committed 67968K, reserved 1114112K
  class space    used 9301K, committed 10304K, reserved 1048576K
}

