# JRE version: OpenJDK Runtime Environment Temurin-21.0.9+10 (21.0.9+10) (build 21.0.9+10-LTS)
# Java VM: OpenJDK 64-Bit Server VM Temurin-21.0.9+10 (21.0.9+10-LTS, mixed mode, sharing, tiered, compressed oops, compressed class ptrs, g1 gc, windows-amd64)
GC Precious Log:
 CardTable entry size: 512
 Card Set container configuration: InlinePtr #cards 4 size 8 Array Of Cards #cards 16 size 48 Howl #buckets 8 coarsen threshold 3686 Howl Bitmap #cards 512 size 80 coarsen threshold 460 Card regions per heap region 1 cards per card region 4096
 CPUs: 32 total, 32 available
 Memory: 65444M
 Large Page Support: Disabled
 NUMA Support: Disabled
 Compressed Oops: Enabled (Zero based)
 Heap Region Size: 2M
 Heap Min Capacity: 8M
 Heap Initial Capacity: 1G
 Heap Max Capacity: 3G
 Pre-touch: Disabled
 Parallel Workers: 23
 Concurrent Workers: 6
 Concurrent Refinement Workers: 23
 Periodic GC: Disabled
Heap:
 garbage-first heap   total 282624K, used 102277K [0x0000000740000000, 0x0000000800000000)
  region size 2048K, 9 young (18432K), 8 survivors (16384K)
 Metaspace       used 77306K, committed 79488K, reserved 1179648K
  class space    used 10984K, committed 12032K, reserved 1048576K
GC Heap History (20 events):
Event: 12.862 GC heap before
{Heap before GC invocations=6 (full 0):
 garbage-first heap   total 106496K, used 34050K [0x0000000740000000, 0x0000000800000000)
  region size 2048K, 6 young (12288K), 4 survivors (8192K)
 Metaspace       used 34761K, committed 35968K, reserved 1114112K
  class space    used 4954K, committed 5568K, reserved 1048576K
}
Event: 12.866 GC heap after
{Heap after GC invocations=7 (full 0):
 garbage-first heap   total 106496K, used 31774K [0x0000000740000000, 0x0000000800000000)
  region size 2048K, 3 young (6144K), 3 survivors (6144K)
 Metaspace       used 34761K, committed 35968K, reserved 1114112K
  class space    used 4954K, committed 5568K, reserved 1048576K
}
Event: 14.021 GC heap before
{Heap before GC invocations=8 (full 0):
 garbage-first heap   total 106496K, used 91166K [0x0000000740000000, 0x0000000800000000)
  region size 2048K, 31 young (63488K), 3 survivors (6144K)
 Metaspace       used 40483K, committed 41856K, reserved 1114112K
  class space    used 5786K, committed 6464K, reserved 1048576K
}
Event: 14.026 GC heap after
{Heap after GC invocations=9 (full 0):
 garbage-first heap   total 106496K, used 35860K [0x0000000740000000, 0x0000000800000000)
  region size 2048K, 4 young (8192K), 4 survivors (8192K)
 Metaspace       used 40483K, committed 41856K, reserved 1114112K
  class space    used 5786K, committed 6464K, reserved 1048576K
}
Event: 15.262 GC heap before
{Heap before GC invocations=9 (full 0):
 garbage-first heap   total 106496K, used 91156K [0x0000000740000000, 0x0000000800000000)
  region size 2048K, 31 young (63488K), 4 survivors (8192K)
 Metaspace       used 46921K, committed 48448K, reserved 1114112K
  class space    used 6883K, committed 7616K, reserved 1048576K
}
Event: 15.270 GC heap after
{Heap after GC invocations=10 (full 0):
 garbage-first heap   total 106496K, used 38852K [0x0000000740000000, 0x0000000800000000)
  region size 2048K, 4 young (8192K), 4 survivors (8192K)
 Metaspace       used 46921K, committed 48448K, reserved 1114112K
  class space    used 6883K, committed 7616K, reserved 1048576K
}
Event: 16.019 GC heap before
{Heap before GC invocations=10 (full 0):
 garbage-first heap   total 106496K, used 90052K [0x0000000740000000, 0x0000000800000000)
  region size 2048K, 30 young (61440K), 4 survivors (8192K)
 Metaspace       used 49350K, committed 51008K, reserved 1114112K
  class space    used 7051K, committed 7872K, reserved 1048576K
}
Event: 16.026 GC heap after
{Heap after GC invocations=11 (full 0):
 garbage-first heap   total 106496K, used 42337K [0x0000000740000000, 0x0000000800000000)
  region size 2048K, 4 young (8192K), 4 survivors (8192K)
 Metaspace       used 49350K, committed 51008K, reserved 1114112K
  class space    used 7051K, committed 7872K, reserved 1048576K
}
Event: 16.496 GC heap before
{Heap before GC invocations=11 (full 0):
 garbage-first heap   total 106496K, used 89441K [0x0000000740000000, 0x0000000800000000)
  region size 2048K, 28 young (57344K), 4 survivors (8192K)
 Metaspace       used 50781K, committed 52416K, reserved 1114112K
  class space    used 7219K, committed 8000K, reserved 1048576K
}
Event: 16.501 GC heap after
{Heap after GC invocations=12 (full 0):
 garbage-first heap   total 106496K, used 44150K [0x0000000740000000, 0x0000000800000000)
  region size 2048K, 3 young (6144K), 3 survivors (6144K)
 Metaspace       used 50781K, committed 52416K, reserved 1114112K
  class space    used 7219K, committed 8000K, reserved 1048576K
}
Event: 17.500 GC heap before
{Heap before GC invocations=12 (full 0):
 garbage-first heap   total 106496K, used 95350K [0x0000000740000000, 0x0000000800000000)
  region size 2048K, 27 young (55296K), 3 survivors (6144K)
 Metaspace       used 54667K, committed 56576K, reserved 1114112K
  class space    used 7872K, committed 8832K, reserved 1048576K
}
Event: 17.508 GC heap after
{Heap after GC invocations=13 (full 0):
 garbage-first heap   total 579584K, used 52239K [0x0000000740000000, 0x0000000800000000)
  region size 2048K, 4 young (8192K), 4 survivors (8192K)
 Metaspace       used 54667K, committed 56576K, reserved 1114112K
  class space    used 7872K, committed 8832K, reserved 1048576K
}
Event: 19.010 GC heap before
{Heap before GC invocations=13 (full 0):
 garbage-first heap   total 579584K, used 132111K [0x0000000740000000, 0x0000000800000000)
  region size 2048K, 44 young (90112K), 4 survivors (8192K)
 Metaspace       used 58269K, committed 60160K, reserved 1114112K
  class space    used 8366K, committed 9344K, reserved 1048576K
}
Event: 19.021 GC heap after
{Heap after GC invocations=14 (full 0):
 garbage-first heap   total 579584K, used 59898K [0x0000000740000000, 0x0000000800000000)
  region size 2048K, 8 young (16384K), 8 survivors (16384K)
 Metaspace       used 58269K, committed 60160K, reserved 1114112K
  class space    used 8366K, committed 9344K, reserved 1048576K
}
Event: 21.936 GC heap before
{Heap before GC invocations=15 (full 0):
 garbage-first heap   total 256000K, used 252410K [0x0000000740000000, 0x0000000800000000)
  region size 2048K, 56 young (114688K), 8 survivors (16384K)
 Metaspace       used 67307K, committed 69376K, reserved 1114112K
  class space    used 9506K, committed 10496K, reserved 1048576K
}
Event: 21.952 GC heap after
{Heap after GC invocations=16 (full 0):
 garbage-first heap   total 282624K, used 69977K [0x0000000740000000, 0x0000000800000000)
  region size 2048K, 13 young (26624K), 13 survivors (26624K)
 Metaspace       used 67307K, committed 69376K, reserved 1114112K
  class space    used 9506K, committed 10496K, reserved 1048576K
}
Event: 24.628 GC heap before
{Heap before GC invocations=16 (full 0):
 garbage-first heap   total 282624K, used 211289K [0x0000000740000000, 0x0000000800000000)
  region size 2048K, 82 young (167936K), 13 survivors (26624K)
 Metaspace       used 73755K, committed 75904K, reserved 1114112K
  class space    used 10447K, committed 11520K, reserved 1048576K
}
Event: 24.646 GC heap after
{Heap after GC invocations=17 (full 0):
 garbage-first heap   total 282624K, used 81037K [0x0000000740000000, 0x0000000800000000)
  region size 2048K, 11 young (22528K), 11 survivors (22528K)
 Metaspace       used 73755K, committed 75904K, reserved 1114112K
  class space    used 10447K, committed 11520K, reserved 1048576K
}
Event: 27.934 GC heap before
{Heap before GC invocations=17 (full 0):
 garbage-first heap   total 282624K, used 228493K [0x0000000740000000, 0x0000000800000000)
  region size 2048K, 82 young (167936K), 11 survivors (22528K)
 Metaspace       used 77286K, committed 79424K, reserved 1179648K
  class space    used 10983K, committed 12032K, reserved 1048576K
}
Event: 27.950 GC heap after
{Heap after GC invocations=18 (full 0):
 garbage-first heap   total 282624K, used 91559K [0x0000000740000000, 0x0000000800000000)
  region size 2048K, 11 young (22528K), 11 survivors (22528K)
 Metaspace       used 77286K, committed 79424K, reserved 1179648K
  class space    used 10983K, committed 12032K, reserved 1048576K
}

